0 info it worked if it ends with ok
1 verbose cli [ 'C:\\Program Files\\nodejs\\node.exe',
1 verbose cli   'C:\\Program Files\\nodejs\\node_modules\\npm\\bin\\npm-cli.js',
1 verbose cli   'run',
1 verbose cli   'deploy' ]
2 info using npm@3.10.10
3 info using node@v6.10.3
4 verbose run-script [ 'predeploy', 'deploy', 'postdeploy' ]
5 info lifecycle cotd@0.0.1~predeploy: cotd@0.0.1
6 verbose lifecycle cotd@0.0.1~predeploy: unsafe-perm in lifecycle true
7 verbose lifecycle cotd@0.0.1~predeploy: PATH: C:\Program Files\nodejs\node_modules\npm\bin\node-gyp-bin;C:\Users\PT\Desktop\Projects\Real Estate App\real-estate\node_modules\.bin;C:\Users\PT\Desktop\New folder\bin;C:\Users\PT\Desktop\New folder\vendor\conemu-maximus5\ConEmu\Scripts;C:\Users\PT\Desktop\New folder\vendor\conemu-maximus5;C:\Users\PT\Desktop\New folder\vendor\conemu-maximus5\ConEmu;C:\Windows\system32;C:\Windows;C:\Windows\System32\Wbem;C:\Windows\System32\WindowsPowerShell\v1.0\;C:\RailsInstaller\Git\cmd;C:\Program Files\nodejs\;C:\RailsInstaller\Git\cmd;C:\RailsInstaller\Ruby2.3.0\bin;C:\Users\PT\AppData\Local\Microsoft\WindowsApps;C:\Program Files (x86)\Microsoft VS Code\bin;C:\Users\PT\AppData\Roaming\npm;C:\Program Files\Heroku\bin;C:\Users\PT\AppData\Local\GitHubDesktop\bin;C:\Program Files\Sublime Text 3;;C:\RailsInstaller\Git\usr\bin;C:\RailsInstaller\Git\usr\share\vim\vim74;C:\Users\PT\Desktop\New folder\
8 verbose lifecycle cotd@0.0.1~predeploy: CWD: C:\Users\PT\Desktop\Projects\Real Estate App\real-estate
9 silly lifecycle cotd@0.0.1~predeploy: Args: [ '/d /s /c', 'npm run build' ]
10 silly lifecycle cotd@0.0.1~predeploy: Returned: code: 0  signal: null
11 info lifecycle cotd@0.0.1~deploy: cotd@0.0.1
12 verbose lifecycle cotd@0.0.1~deploy: unsafe-perm in lifecycle true
13 verbose lifecycle cotd@0.0.1~deploy: PATH: C:\Program Files\nodejs\node_modules\npm\bin\node-gyp-bin;C:\Users\PT\Desktop\Projects\Real Estate App\real-estate\node_modules\.bin;C:\Users\PT\Desktop\New folder\bin;C:\Users\PT\Desktop\New folder\vendor\conemu-maximus5\ConEmu\Scripts;C:\Users\PT\Desktop\New folder\vendor\conemu-maximus5;C:\Users\PT\Desktop\New folder\vendor\conemu-maximus5\ConEmu;C:\Windows\system32;C:\Windows;C:\Windows\System32\Wbem;C:\Windows\System32\WindowsPowerShell\v1.0\;C:\RailsInstaller\Git\cmd;C:\Program Files\nodejs\;C:\RailsInstaller\Git\cmd;C:\RailsInstaller\Ruby2.3.0\bin;C:\Users\PT\AppData\Local\Microsoft\WindowsApps;C:\Program Files (x86)\Microsoft VS Code\bin;C:\Users\PT\AppData\Roaming\npm;C:\Program Files\Heroku\bin;C:\Users\PT\AppData\Local\GitHubDesktop\bin;C:\Program Files\Sublime Text 3;;C:\RailsInstaller\Git\usr\bin;C:\RailsInstaller\Git\usr\share\vim\vim74;C:\Users\PT\Desktop\New folder\
14 verbose lifecycle cotd@0.0.1~deploy: CWD: C:\Users\PT\Desktop\Projects\Real Estate App\real-estate
15 silly lifecycle cotd@0.0.1~deploy: Args: [ '/d /s /c', 'gh-pages -d build' ]
16 silly lifecycle cotd@0.0.1~deploy: Returned: code: 1  signal: null
17 info lifecycle cotd@0.0.1~deploy: Failed to exec deploy script
18 verbose stack Error: cotd@0.0.1 deploy: `gh-pages -d build`
18 verbose stack Exit status 1
18 verbose stack     at EventEmitter.<anonymous> (C:\Program Files\nodejs\node_modules\npm\lib\utils\lifecycle.js:255:16)
18 verbose stack     at emitTwo (events.js:106:13)
18 verbose stack     at EventEmitter.emit (events.js:191:7)
18 verbose stack     at ChildProcess.<anonymous> (C:\Program Files\nodejs\node_modules\npm\lib\utils\spawn.js:40:14)
18 verbose stack     at emitTwo (events.js:106:13)
18 verbose stack     at ChildProcess.emit (events.js:191:7)
18 verbose stack     at maybeClose (internal/child_process.js:886:16)
18 verbose stack     at Process.ChildProcess._handle.onexit (internal/child_process.js:226:5)
19 verbose pkgid cotd@0.0.1
20 verbose cwd C:\Users\PT\Desktop\Projects\Real Estate App\real-estate
21 error Windows_NT 10.0.15063
22 error argv "C:\\Program Files\\nodejs\\node.exe" "C:\\Program Files\\nodejs\\node_modules\\npm\\bin\\npm-cli.js" "run" "deploy"
23 error node v6.10.3
24 error npm  v3.10.10
25 error code ELIFECYCLE
26 error cotd@0.0.1 deploy: `gh-pages -d build`
26 error Exit status 1
27 error Failed at the cotd@0.0.1 deploy script 'gh-pages -d build'.
27 error Make sure you have the latest version of node.js and npm installed.
27 error If you do, this is most likely a problem with the cotd package,
27 error not with npm itself.
27 error Tell the author that this fails on your system:
27 error     gh-pages -d build
27 error You can get information on how to open an issue for this project with:
27 error     npm bugs cotd
27 error Or if that isn't available, you can get their info via:
27 error     npm owner ls cotd
27 error There is likely additional logging output above.
28 verbose exit [ 1, true ]
